c:\users\ryan\onedrive\game programming\networking\sdlopenglframework\sdlopenglframework\debug\vc140.pdb
c:\users\ryan\onedrive\game programming\networking\sdlopenglframework\sdlopenglframework\debug\vc140.idb
c:\users\ryan\onedrive\game programming\networking\sdlopenglframework\sdlopenglframework\debug\gamescenemanager.obj
c:\users\ryan\onedrive\game programming\networking\sdlopenglframework\sdlopenglframework\debug\imageloader.obj
c:\users\ryan\onedrive\game programming\networking\sdlopenglframework\sdlopenglframework\debug\keyboard.obj
c:\users\ryan\onedrive\game programming\networking\sdlopenglframework\sdlopenglframework\debug\keyboardmanager.obj
c:\users\ryan\onedrive\game programming\networking\sdlopenglframework\sdlopenglframework\debug\loadscene.obj
c:\users\ryan\onedrive\game programming\networking\sdlopenglframework\sdlopenglframework\debug\main.obj
c:\users\ryan\onedrive\game programming\networking\sdlopenglframework\sdlopenglframework\debug\mmath.obj
c:\users\ryan\onedrive\game programming\networking\sdlopenglframework\sdlopenglframework\debug\mouse.obj
c:\users\ryan\onedrive\game programming\networking\sdlopenglframework\sdlopenglframework\debug\mousemanager.obj
c:\users\ryan\onedrive\game programming\networking\sdlopenglframework\sdlopenglframework\debug\music.obj
c:\users\ryan\onedrive\game programming\networking\sdlopenglframework\sdlopenglframework\debug\musicloader.obj
c:\users\ryan\onedrive\game programming\networking\sdlopenglframework\sdlopenglframework\debug\musicplayer.obj
c:\users\ryan\onedrive\game programming\networking\sdlopenglframework\sdlopenglframework\debug\scenebase.obj
c:\users\ryan\onedrive\game programming\networking\sdlopenglframework\sdlopenglframework\debug\scenegame.obj
c:\users\ryan\onedrive\game programming\networking\sdlopenglframework\sdlopenglframework\debug\splashscreenscene.obj
c:\users\ryan\onedrive\game programming\networking\sdlopenglframework\sdlopenglframework\debug\sprite.obj
c:\users\ryan\onedrive\game programming\networking\sdlopenglframework\sdlopenglframework\debug\texture.obj
c:\users\ryan\onedrive\game programming\networking\sdlopenglframework\sdlopenglframework\debug\timer.obj
c:\users\ryan\onedrive\game programming\networking\sdlopenglframework\sdlopenglframework\debug\vmath.obj
c:\users\ryan\onedrive\game programming\networking\sdlopenglframework\sdlopenglframework\debug\animatedsprite.obj
c:\users\ryan\onedrive\game programming\networking\sdlopenglframework\sdlopenglframework\debug\boy.obj
c:\users\ryan\onedrive\game programming\networking\sdlopenglframework\sdlopenglframework\debug\camera.obj
c:\users\ryan\onedrive\game programming\networking\sdlopenglframework\sdlopenglframework\debug\cat.obj
c:\users\ryan\onedrive\game programming\networking\sdlopenglframework\sdlopenglframework\debug\collision.obj
c:\users\ryan\onedrive\game programming\networking\sdlopenglframework\sdlopenglframework\debug\controller.obj
c:\users\ryan\onedrive\game programming\networking\sdlopenglframework\sdlopenglframework\debug\controllermanager.obj
c:\users\ryan\onedrive\game programming\networking\sdlopenglframework\sdlopenglframework\debug\event.obj
c:\users\ryan\onedrive\game programming\networking\sdlopenglframework\sdlopenglframework\debug\eventhandler.obj
c:\users\ryan\onedrive\game programming\networking\sdlopenglframework\sdlopenglframework\debug\fly.obj
c:\users\ryan\onedrive\game programming\networking\sdlopenglframework\sdlopenglframework\debug\gameobject.obj
c:\users\ryan\onedrive\game programming\networking\sdlopenglframework\sdlopenglframework\debug\window.obj
c:\users\ryan\onedrive\game programming\networking\sdlopenglframework\sdlopenglframework\debug\debug.obj
c:\users\ryan\onedrive\game programming\networking\sdlopenglframework\sdlopenglframework\debug\shader.obj
c:\users\ryan\onedrive\game programming\networking\sdlopenglframework\sdlopenglframework\debug\v_randomizer.obj
c:\users\ryan\onedrive\game programming\networking\sdlopenglframework\debug\sdlopenglframework.ilk
c:\users\ryan\onedrive\game programming\networking\sdlopenglframework\debug\sdlopenglframework.exe
c:\users\ryan\onedrive\game programming\networking\sdlopenglframework\debug\sdlopenglframework.pdb
c:\users\ryan\onedrive\game programming\networking\sdlopenglframework\sdlopenglframework\debug\sdlopeng.a5b239c1.tlog\cl.command.1.tlog
c:\users\ryan\onedrive\game programming\networking\sdlopenglframework\sdlopenglframework\debug\sdlopeng.a5b239c1.tlog\cl.read.1.tlog
c:\users\ryan\onedrive\game programming\networking\sdlopenglframework\sdlopenglframework\debug\sdlopeng.a5b239c1.tlog\cl.write.1.tlog
c:\users\ryan\onedrive\game programming\networking\sdlopenglframework\sdlopenglframework\debug\sdlopeng.a5b239c1.tlog\link.command.1.tlog
c:\users\ryan\onedrive\game programming\networking\sdlopenglframework\sdlopenglframework\debug\sdlopeng.a5b239c1.tlog\link.read.1.tlog
c:\users\ryan\onedrive\game programming\networking\sdlopenglframework\sdlopenglframework\debug\sdlopeng.a5b239c1.tlog\link.write.1.tlog
